2024-04-13T11:08:33.830-04:00  INFO 17121 --- [main] c.e.s.SpringdownloadfileApplicationTests : Starting SpringdownloadfileApplicationTests using Java 17.0.10 with PID 17121 (started by user in /home/user/Documents/SimpleExamples/springdownloadfile)
2024-04-13T11:08:33.834-04:00  INFO 17121 --- [main] c.e.s.SpringdownloadfileApplicationTests : No active profile set, falling back to 1 default profile: "default"
2024-04-13T11:08:34.177-04:00  INFO 17121 --- [main] .s.d.r.c.RepositoryConfigurationDelegate : Bootstrapping Spring Data JPA repositories in DEFAULT mode.
2024-04-13T11:08:34.223-04:00  INFO 17121 --- [main] .s.d.r.c.RepositoryConfigurationDelegate : Finished Spring Data repository scanning in 40 ms. Found 1 JPA repository interfaces.
2024-04-13T11:08:34.456-04:00  INFO 17121 --- [main] o.hibernate.jpa.internal.util.LogHelper  : HHH000204: Processing PersistenceUnitInfo [name: default]
2024-04-13T11:08:34.479-04:00  INFO 17121 --- [main] org.hibernate.Version                    : HHH000412: Hibernate ORM core version 6.2.7.Final
2024-04-13T11:08:34.481-04:00  INFO 17121 --- [main] org.hibernate.cfg.Environment            : HHH000406: Using bytecode reflection optimizer
2024-04-13T11:08:34.585-04:00  INFO 17121 --- [main] o.h.b.i.BytecodeProviderInitiator        : HHH000021: Bytecode provider name : bytebuddy
2024-04-13T11:08:34.676-04:00  INFO 17121 --- [main] o.s.o.j.p.SpringPersistenceUnitInfo      : No LoadTimeWeaver setup: ignoring JPA class transformer
2024-04-13T11:08:34.690-04:00  INFO 17121 --- [main] com.zaxxer.hikari.HikariDataSource       : HikariPool-1 - Starting...
2024-04-13T11:08:34.900-04:00  INFO 17121 --- [main] com.zaxxer.hikari.pool.HikariPool        : HikariPool-1 - Added connection org.postgresql.jdbc.PgConnection@47a3d56a
2024-04-13T11:08:34.902-04:00  INFO 17121 --- [main] com.zaxxer.hikari.HikariDataSource       : HikariPool-1 - Start completed.
2024-04-13T11:08:35.038-04:00  INFO 17121 --- [main] o.h.b.i.BytecodeProviderInitiator        : HHH000021: Bytecode provider name : bytebuddy
2024-04-13T11:08:35.374-04:00  INFO 17121 --- [main] o.h.e.t.j.p.i.JtaPlatformInitiator       : HHH000490: Using JtaPlatform implementation: [org.hibernate.engine.transaction.jta.platform.internal.NoJtaPlatform]
2024-04-13T11:08:35.394-04:00  WARN 17121 --- [main] o.h.engine.jdbc.spi.SqlExceptionHelper   : SQL Warning Code: 0, SQLState: 00000
2024-04-13T11:08:35.394-04:00  WARN 17121 --- [main] o.h.engine.jdbc.spi.SqlExceptionHelper   : table "file" does not exist, skipping
2024-04-13T11:08:35.418-04:00  INFO 17121 --- [main] j.LocalContainerEntityManagerFactoryBean : Initialized JPA EntityManagerFactory for persistence unit 'default'
2024-04-13T11:08:36.019-04:00  INFO 17121 --- [main] c.e.s.SpringdownloadfileApplicationTests : Started SpringdownloadfileApplicationTests in 2.416 seconds (process running for 2.975)
2024-04-13T11:08:36.432-04:00  INFO 17121 --- [SpringApplicationShutdownHook] j.LocalContainerEntityManagerFactoryBean : Closing JPA EntityManagerFactory for persistence unit 'default'
2024-04-13T11:08:36.434-04:00  INFO 17121 --- [SpringApplicationShutdownHook] com.zaxxer.hikari.HikariDataSource       : HikariPool-1 - Shutdown initiated...
2024-04-13T11:08:36.440-04:00  INFO 17121 --- [SpringApplicationShutdownHook] com.zaxxer.hikari.HikariDataSource       : HikariPool-1 - Shutdown completed.
2024-04-13T11:08:55.050-04:00  INFO 17273 --- [main] c.e.s.SpringdownloadfileApplicationTests : Starting SpringdownloadfileApplicationTests using Java 17.0.10 with PID 17273 (started by user in /home/user/Documents/SimpleExamples/springdownloadfile)
2024-04-13T11:08:55.051-04:00  INFO 17273 --- [main] c.e.s.SpringdownloadfileApplicationTests : No active profile set, falling back to 1 default profile: "default"
2024-04-13T11:08:55.404-04:00  INFO 17273 --- [main] .s.d.r.c.RepositoryConfigurationDelegate : Bootstrapping Spring Data JPA repositories in DEFAULT mode.
2024-04-13T11:08:55.428-04:00  INFO 17273 --- [main] .s.d.r.c.RepositoryConfigurationDelegate : Finished Spring Data repository scanning in 20 ms. Found 1 JPA repository interfaces.
2024-04-13T11:08:55.631-04:00  INFO 17273 --- [main] o.hibernate.jpa.internal.util.LogHelper  : HHH000204: Processing PersistenceUnitInfo [name: default]
2024-04-13T11:08:55.654-04:00  INFO 17273 --- [main] org.hibernate.Version                    : HHH000412: Hibernate ORM core version 6.2.7.Final
2024-04-13T11:08:55.655-04:00  INFO 17273 --- [main] org.hibernate.cfg.Environment            : HHH000406: Using bytecode reflection optimizer
2024-04-13T11:08:55.722-04:00  INFO 17273 --- [main] o.h.b.i.BytecodeProviderInitiator        : HHH000021: Bytecode provider name : bytebuddy
2024-04-13T11:08:55.778-04:00  INFO 17273 --- [main] o.s.o.j.p.SpringPersistenceUnitInfo      : No LoadTimeWeaver setup: ignoring JPA class transformer
2024-04-13T11:08:55.786-04:00  INFO 17273 --- [main] com.zaxxer.hikari.HikariDataSource       : HikariPool-1 - Starting...
2024-04-13T11:08:55.997-04:00  INFO 17273 --- [main] com.zaxxer.hikari.pool.HikariPool        : HikariPool-1 - Added connection org.postgresql.jdbc.PgConnection@4f64d9cb
2024-04-13T11:08:55.999-04:00  INFO 17273 --- [main] com.zaxxer.hikari.HikariDataSource       : HikariPool-1 - Start completed.
2024-04-13T11:08:56.163-04:00  INFO 17273 --- [main] o.h.b.i.BytecodeProviderInitiator        : HHH000021: Bytecode provider name : bytebuddy
2024-04-13T11:08:56.524-04:00  INFO 17273 --- [main] o.h.e.t.j.p.i.JtaPlatformInitiator       : HHH000490: Using JtaPlatform implementation: [org.hibernate.engine.transaction.jta.platform.internal.NoJtaPlatform]
2024-04-13T11:08:56.558-04:00  INFO 17273 --- [main] j.LocalContainerEntityManagerFactoryBean : Initialized JPA EntityManagerFactory for persistence unit 'default'
2024-04-13T11:08:57.025-04:00  INFO 17273 --- [main] c.e.s.SpringdownloadfileApplicationTests : Started SpringdownloadfileApplicationTests in 2.13 seconds (process running for 2.59)
2024-04-13T11:08:57.408-04:00  INFO 17273 --- [SpringApplicationShutdownHook] j.LocalContainerEntityManagerFactoryBean : Closing JPA EntityManagerFactory for persistence unit 'default'
2024-04-13T11:08:57.410-04:00  INFO 17273 --- [SpringApplicationShutdownHook] com.zaxxer.hikari.HikariDataSource       : HikariPool-1 - Shutdown initiated...
2024-04-13T11:08:57.417-04:00  INFO 17273 --- [SpringApplicationShutdownHook] com.zaxxer.hikari.HikariDataSource       : HikariPool-1 - Shutdown completed.
