2024-07-13 16:06:57,908 -0400 [main] INFO  (Log4jExample.java:14) - Hello Info!
2024-07-13 16:06:57,910 -0400 [main] DEBUG (Log4jExample.java:15) - Hello Debug!
2024-07-13 16:06:57,910 -0400 [main] ERROR (Log4jExample.java:16) - Hello Error!
2024-07-13 16:06:58,648 -0400 [main] INFO  (Log4jExample.java:14) - Hello Info!
2024-07-13 16:06:58,651 -0400 [main] DEBUG (Log4jExample.java:15) - Hello Debug!
2024-07-13 16:06:58,651 -0400 [main] ERROR (Log4jExample.java:16) - Hello Error!
2024-07-13 16:07:04,331 -0400 [main] INFO  (Log4jExample.java:14) - Hello Info!
2024-07-13 16:07:04,335 -0400 [main] DEBUG (Log4jExample.java:15) - Hello Debug!
2024-07-13 16:07:04,335 -0400 [main] ERROR (Log4jExample.java:16) - Hello Error!
2024-07-13 16:07:13,597 -0400 [main] INFO  (Log4jExample.java:14) - Hello Info!
2024-07-13 16:07:13,599 -0400 [main] DEBUG (Log4jExample.java:15) - Hello Debug!
2024-07-13 16:07:13,600 -0400 [main] ERROR (Log4jExample.java:16) - Hello Error!
2024-07-13 16:08:27,202 -0400 [main] INFO  (Log4jExample.java:14) - Hello Info!
2024-07-13 16:08:27,205 -0400 [main] DEBUG (Log4jExample.java:15) - Hello Debug!
2024-07-13 16:08:27,206 -0400 [main] ERROR (Log4jExample.java:16) - Hello Error!
2024-07-13 16:08:56,867 -0400 [main] INFO  (Log4jExample.java:14) - Hello Info!
2024-07-13 16:08:56,870 -0400 [main] DEBUG (Log4jExample.java:15) - Hello Debug!
2024-07-13 16:08:56,870 -0400 [main] ERROR (Log4jExample.java:16) - Hello Error!
2024-07-13 16:09:16,984 -0400 [main] INFO  (Log4jExample.java:14) - Hello Info!
2024-07-13 16:09:16,988 -0400 [main] DEBUG (Log4jExample.java:15) - Hello Debug!
2024-07-13 16:09:16,988 -0400 [main] ERROR (Log4jExample.java:16) - Hello Error!
2024-07-13 16:09:20,435 -0400 [main] INFO  (Log4jExample.java:14) - Hello Info!
2024-07-13 16:09:20,438 -0400 [main] DEBUG (Log4jExample.java:15) - Hello Debug!
2024-07-13 16:09:20,438 -0400 [main] ERROR (Log4jExample.java:16) - Hello Error!
2024-07-13 17:19:08,915 -0400 [main] INFO  (Log4jExample.java:14) - Hello Info!
2024-07-13 17:19:08,917 -0400 [main] DEBUG (Log4jExample.java:15) - Hello Debug!
2024-07-13 17:19:08,917 -0400 [main] ERROR (Log4jExample.java:16) - Hello Error!
2024-07-13 17:19:15,491 -0400 [main] INFO  (Log4j2Example.java:14) - Hello Info!
2024-07-13 17:19:15,493 -0400 [main] DEBUG (Log4j2Example.java:15) - Hello Debug!
2024-07-13 17:19:15,493 -0400 [main] ERROR (Log4j2Example.java:16) - Hello Error!
2024-07-13 17:21:22,332 -0400 [main] INFO  (Log4j2Example.java:15) - Hello Info!
2024-07-13 17:21:22,335 -0400 [main] DEBUG (Log4j2Example.java:16) - Hello Debug!
2024-07-13 17:21:22,335 -0400 [main] ERROR (Log4j2Example.java:17) - Hello Error!
2024-07-13 17:21:30,441 -0400 [main] INFO  (Log4j2Example.java:15) - Hello Info!
2024-07-13 17:21:30,442 -0400 [main] DEBUG (Log4j2Example.java:16) - Hello Debug!
2024-07-13 17:21:30,442 -0400 [main] ERROR (Log4j2Example.java:17) - Hello Error!
2024-07-13 17:21:37,404 -0400 [main] INFO  (Log4j2Example.java:15) - Hello Info!
2024-07-13 17:21:37,406 -0400 [main] DEBUG (Log4j2Example.java:16) - Hello Debug!
2024-07-13 17:21:37,406 -0400 [main] ERROR (Log4j2Example.java:17) - Hello Error!
2024-07-13 17:22:06,496 -0400 [main] INFO  (Log4j2Example.java:15) - Hello Info!
2024-07-13 17:22:06,498 -0400 [main] DEBUG (Log4j2Example.java:16) - Hello Debug!
2024-07-13 17:22:06,498 -0400 [main] ERROR (Log4j2Example.java:17) - Hello Error!
2024-07-13 17:23:07,626 -0400 [main] INFO  (Log4j2Example.java:15) - Hello Info!
2024-07-13 17:23:07,628 -0400 [main] DEBUG (Log4j2Example.java:16) - Hello Debug!
2024-07-13 17:23:07,628 -0400 [main] ERROR (Log4j2Example.java:17) - Hello Error!
2024-07-13 17:23:58,556 -0400 [main] INFO  (Log4j2Example.java:15) - Hello Info!
2024-07-13 17:23:58,557 -0400 [main] DEBUG (Log4j2Example.java:16) - Hello Debug!
2024-07-13 17:23:58,557 -0400 [main] ERROR (Log4j2Example.java:17) - Hello Error!
2024-07-13 17:24:50,966 -0400 [main] INFO  (Log4j2Example.java:15) - Hello Info!
2024-07-13 17:24:50,968 -0400 [main] DEBUG (Log4j2Example.java:16) - Hello Debug!
2024-07-13 17:24:50,968 -0400 [main] ERROR (Log4j2Example.java:17) - Hello Error!
2024-07-13 17:25:10,955 -0400 [main] INFO  (Log4j2Example.java:15) - Hello Info!
2024-07-13 17:25:10,957 -0400 [main] DEBUG (Log4j2Example.java:16) - Hello Debug!
2024-07-13 17:25:10,957 -0400 [main] ERROR (Log4j2Example.java:17) - Hello Error!
2024-07-13 17:25:25,711 -0400 [main] INFO  (Log4j2Example.java:15) - Hello Info!
2024-07-13 17:25:25,713 -0400 [main] DEBUG (Log4j2Example.java:16) - Hello Debug!
2024-07-13 17:25:25,713 -0400 [main] ERROR (Log4j2Example.java:17) - Hello Error!
2024-07-13 17:25:34,296 -0400 [main] INFO  (Log4j2Example.java:15) - Hello Info!
2024-07-13 17:25:34,298 -0400 [main] DEBUG (Log4j2Example.java:16) - Hello Debug!
2024-07-13 17:25:34,298 -0400 [main] ERROR (Log4j2Example.java:17) - Hello Error!
